{"/home/danilosilvadev/dev/interview-tests/addi-crm/src/config/axiosConfig.ts": {"path":"/home/danilosilvadev/dev/interview-tests/addi-crm/src/config/axiosConfig.ts","statementMap":{"0":{"start":{"line":3,"column":17},"end":{"line":3,"column":44}},"1":{"start":{"line":5,"column":23},"end":{"line":10,"column":2}}},"fnMap":{},"branchMap":{},"s":{"0":4,"1":4},"f":{},"b":{},"_coverageSchema":"1a1c01bbd47fc00a2c39e90264f33305004495a9","hash":"908d19acacf6b22823bc4be3cad69371259a5c5c"}
,"/home/danilosilvadev/dev/interview-tests/addi-crm/src/config/index.ts": {"path":"/home/danilosilvadev/dev/interview-tests/addi-crm/src/config/index.ts","statementMap":{},"fnMap":{},"branchMap":{},"s":{},"f":{},"b":{},"_coverageSchema":"1a1c01bbd47fc00a2c39e90264f33305004495a9","hash":"d3e2f7e6209b85f125a9681e2ee7f1af02f42e4c"}
,"/home/danilosilvadev/dev/interview-tests/addi-crm/src/config/theme.ts": {"path":"/home/danilosilvadev/dev/interview-tests/addi-crm/src/config/theme.ts","statementMap":{"0":{"start":{"line":23,"column":29},"end":{"line":34,"column":1}}},"fnMap":{},"branchMap":{},"s":{"0":4},"f":{},"b":{},"_coverageSchema":"1a1c01bbd47fc00a2c39e90264f33305004495a9","hash":"d7165854d08a873bfdf568665412ff2d4ddec6f4"}
,"/home/danilosilvadev/dev/interview-tests/addi-crm/src/config/context/UserProvider.tsx": {"path":"/home/danilosilvadev/dev/interview-tests/addi-crm/src/config/context/UserProvider.tsx","statementMap":{"0":{"start":{"line":4,"column":28},"end":{"line":9,"column":1}},"1":{"start":{"line":5,"column":26},"end":{"line":5,"column":62}},"2":{"start":{"line":6,"column":16},"end":{"line":6,"column":33}},"3":{"start":{"line":8,"column":2},"end":{"line":8,"column":79}}},"fnMap":{"0":{"name":"(anonymous_0)","decl":{"start":{"line":4,"column":28},"end":{"line":4,"column":29}},"loc":{"start":{"line":4,"column":51},"end":{"line":9,"column":1}},"line":4}},"branchMap":{},"s":{"0":4,"1":0,"2":0,"3":0},"f":{"0":0},"b":{},"_coverageSchema":"1a1c01bbd47fc00a2c39e90264f33305004495a9","hash":"39186e1f519a20791312cf13e8cbfa281e15176e"}
,"/home/danilosilvadev/dev/interview-tests/addi-crm/src/config/context/index.ts": {"path":"/home/danilosilvadev/dev/interview-tests/addi-crm/src/config/context/index.ts","statementMap":{},"fnMap":{},"branchMap":{},"s":{},"f":{},"b":{},"_coverageSchema":"1a1c01bbd47fc00a2c39e90264f33305004495a9","hash":"b934405839dd17ac1fbf108091d3188ccd9fa748"}
,"/home/danilosilvadev/dev/interview-tests/addi-crm/src/config/context/user.ts": {"path":"/home/danilosilvadev/dev/interview-tests/addi-crm/src/config/context/user.ts","statementMap":{"0":{"start":{"line":9,"column":27},"end":{"line":16,"column":1}},"1":{"start":{"line":23,"column":27},"end":{"line":26,"column":2}}},"fnMap":{"0":{"name":"(anonymous_0)","decl":{"start":{"line":25,"column":11},"end":{"line":25,"column":12}},"loc":{"start":{"line":25,"column":17},"end":{"line":25,"column":19}},"line":25}},"branchMap":{},"s":{"0":4,"1":4},"f":{"0":0},"b":{},"_coverageSchema":"1a1c01bbd47fc00a2c39e90264f33305004495a9","hash":"4616df826e451f79bef3d27dad30f0417fd65f37"}
,"/home/danilosilvadev/dev/interview-tests/addi-crm/src/config/mock/controllers.ts": {"path":"/home/danilosilvadev/dev/interview-tests/addi-crm/src/config/mock/controllers.ts","statementMap":{"0":{"start":{"line":5,"column":28},"end":{"line":13,"column":1}},"1":{"start":{"line":6,"column":25},"end":{"line":6,"column":39}},"2":{"start":{"line":7,"column":20},"end":{"line":7,"column":62}},"3":{"start":{"line":8,"column":2},"end":{"line":12,"column":3}},"4":{"start":{"line":9,"column":4},"end":{"line":9,"column":21}},"5":{"start":{"line":11,"column":4},"end":{"line":11,"column":47}},"6":{"start":{"line":15,"column":23},"end":{"line":25,"column":1}},"7":{"start":{"line":16,"column":25},"end":{"line":16,"column":39}},"8":{"start":{"line":17,"column":56},"end":{"line":19,"column":4}},"9":{"start":{"line":20,"column":2},"end":{"line":24,"column":3}},"10":{"start":{"line":21,"column":4},"end":{"line":21,"column":16}},"11":{"start":{"line":23,"column":4},"end":{"line":23,"column":47}},"12":{"start":{"line":27,"column":21},"end":{"line":28,"column":63}},"13":{"start":{"line":28,"column":2},"end":{"line":28,"column":63}}},"fnMap":{"0":{"name":"(anonymous_0)","decl":{"start":{"line":5,"column":28},"end":{"line":5,"column":29}},"loc":{"start":{"line":5,"column":65},"end":{"line":13,"column":1}},"line":5},"1":{"name":"(anonymous_1)","decl":{"start":{"line":15,"column":23},"end":{"line":15,"column":24}},"loc":{"start":{"line":15,"column":60},"end":{"line":25,"column":1}},"line":15},"2":{"name":"(anonymous_2)","decl":{"start":{"line":27,"column":21},"end":{"line":27,"column":22}},"loc":{"start":{"line":28,"column":2},"end":{"line":28,"column":63}},"line":28}},"branchMap":{"0":{"loc":{"start":{"line":8,"column":2},"end":{"line":12,"column":3}},"type":"if","locations":[{"start":{"line":8,"column":2},"end":{"line":12,"column":3}},{"start":{"line":10,"column":9},"end":{"line":12,"column":3}}],"line":8},"1":{"loc":{"start":{"line":20,"column":2},"end":{"line":24,"column":3}},"type":"if","locations":[{"start":{"line":20,"column":2},"end":{"line":24,"column":3}},{"start":{"line":22,"column":9},"end":{"line":24,"column":3}}],"line":20}},"s":{"0":4,"1":0,"2":0,"3":0,"4":0,"5":0,"6":4,"7":0,"8":0,"9":0,"10":0,"11":0,"12":4,"13":0},"f":{"0":0,"1":0,"2":0},"b":{"0":[0,0],"1":[0,0]},"_coverageSchema":"1a1c01bbd47fc00a2c39e90264f33305004495a9","hash":"3898949153434376679fb664a2539c1bc09df130"}
,"/home/danilosilvadev/dev/interview-tests/addi-crm/src/config/mock/index.ts": {"path":"/home/danilosilvadev/dev/interview-tests/addi-crm/src/config/mock/index.ts","statementMap":{"0":{"start":{"line":10,"column":49},"end":{"line":10,"column":65}},"1":{"start":{"line":11,"column":59},"end":{"line":11,"column":75}},"2":{"start":{"line":14,"column":17},"end":{"line":37,"column":4}},"3":{"start":{"line":20,"column":6},"end":{"line":22,"column":9}},"4":{"start":{"line":21,"column":8},"end":{"line":21,"column":36}},"5":{"start":{"line":23,"column":6},"end":{"line":25,"column":9}},"6":{"start":{"line":24,"column":8},"end":{"line":24,"column":46}},"7":{"start":{"line":29,"column":6},"end":{"line":29,"column":29}},"8":{"start":{"line":30,"column":6},"end":{"line":30,"column":25}},"9":{"start":{"line":31,"column":6},"end":{"line":31,"column":47}},"10":{"start":{"line":34,"column":6},"end":{"line":34,"column":45}},"11":{"start":{"line":35,"column":6},"end":{"line":35,"column":55}},"12":{"start":{"line":39,"column":2},"end":{"line":39,"column":16}}},"fnMap":{"0":{"name":"makeServer","decl":{"start":{"line":13,"column":16},"end":{"line":13,"column":26}},"loc":{"start":{"line":13,"column":58},"end":{"line":40,"column":1}},"line":13},"1":{"name":"(anonymous_1)","decl":{"start":{"line":19,"column":4},"end":{"line":19,"column":5}},"loc":{"start":{"line":19,"column":23},"end":{"line":26,"column":5}},"line":19},"2":{"name":"(anonymous_2)","decl":{"start":{"line":20,"column":33},"end":{"line":20,"column":34}},"loc":{"start":{"line":20,"column":50},"end":{"line":22,"column":7}},"line":20},"3":{"name":"(anonymous_3)","decl":{"start":{"line":23,"column":38},"end":{"line":23,"column":39}},"loc":{"start":{"line":23,"column":65},"end":{"line":25,"column":7}},"line":23},"4":{"name":"(anonymous_4)","decl":{"start":{"line":27,"column":4},"end":{"line":27,"column":5}},"loc":{"start":{"line":27,"column":13},"end":{"line":36,"column":5}},"line":27}},"branchMap":{"0":{"loc":{"start":{"line":13,"column":27},"end":{"line":13,"column":56}},"type":"default-arg","locations":[{"start":{"line":13,"column":54},"end":{"line":13,"column":56}}],"line":13},"1":{"loc":{"start":{"line":13,"column":29},"end":{"line":13,"column":49}},"type":"default-arg","locations":[{"start":{"line":13,"column":43},"end":{"line":13,"column":49}}],"line":13}},"s":{"0":4,"1":4,"2":0,"3":0,"4":0,"5":0,"6":0,"7":0,"8":0,"9":0,"10":0,"11":0,"12":0},"f":{"0":0,"1":0,"2":0,"3":0,"4":0},"b":{"0":[0],"1":[0]},"_coverageSchema":"1a1c01bbd47fc00a2c39e90264f33305004495a9","hash":"32d09ca9812982c34935cd291da0c35dc57b975f"}
,"/home/danilosilvadev/dev/interview-tests/addi-crm/src/config/mock/initialSeeds.ts": {"path":"/home/danilosilvadev/dev/interview-tests/addi-crm/src/config/mock/initialSeeds.ts","statementMap":{"0":{"start":{"line":8,"column":36},"end":{"line":43,"column":1}}},"fnMap":{},"branchMap":{},"s":{"0":4},"f":{},"b":{},"_coverageSchema":"1a1c01bbd47fc00a2c39e90264f33305004495a9","hash":"6d83e28fa68cfb1a25bfdc55741a16f648c43316"}
,"/home/danilosilvadev/dev/interview-tests/addi-crm/src/config/providers/AppProvider.tsx": {"path":"/home/danilosilvadev/dev/interview-tests/addi-crm/src/config/providers/AppProvider.tsx","statementMap":{"0":{"start":{"line":7,"column":27},"end":{"line":17,"column":1}},"1":{"start":{"line":8,"column":2},"end":{"line":16,"column":4}}},"fnMap":{"0":{"name":"(anonymous_0)","decl":{"start":{"line":7,"column":27},"end":{"line":7,"column":28}},"loc":{"start":{"line":7,"column":33},"end":{"line":17,"column":1}},"line":7}},"branchMap":{},"s":{"0":4,"1":0},"f":{"0":0},"b":{},"_coverageSchema":"1a1c01bbd47fc00a2c39e90264f33305004495a9","hash":"dc9b6d009f5ce46ea06b6dd1955f2a4daaa4fcd0"}
,"/home/danilosilvadev/dev/interview-tests/addi-crm/src/config/providers/TestProvider.tsx": {"path":"/home/danilosilvadev/dev/interview-tests/addi-crm/src/config/providers/TestProvider.tsx","statementMap":{"0":{"start":{"line":7,"column":28},"end":{"line":25,"column":1}},"1":{"start":{"line":14,"column":2},"end":{"line":24,"column":25}}},"fnMap":{"0":{"name":"(anonymous_0)","decl":{"start":{"line":7,"column":28},"end":{"line":7,"column":29}},"loc":{"start":{"line":14,"column":2},"end":{"line":24,"column":25}},"line":14},"1":{"name":"(anonymous_1)","decl":{"start":{"line":15,"column":57},"end":{"line":15,"column":58}},"loc":{"start":{"line":15,"column":63},"end":{"line":15,"column":65}},"line":15}},"branchMap":{"0":{"loc":{"start":{"line":15,"column":19},"end":{"line":15,"column":46}},"type":"binary-expr","locations":[{"start":{"line":15,"column":19},"end":{"line":15,"column":31}},{"start":{"line":15,"column":35},"end":{"line":15,"column":46}}],"line":15}},"s":{"0":4,"1":17},"f":{"0":17,"1":0},"b":{"0":[17,12]},"_coverageSchema":"1a1c01bbd47fc00a2c39e90264f33305004495a9","hash":"4d567b730e6ceb30bfa91d64b840861878e574c9"}
,"/home/danilosilvadev/dev/interview-tests/addi-crm/src/config/providers/index.ts": {"path":"/home/danilosilvadev/dev/interview-tests/addi-crm/src/config/providers/index.ts","statementMap":{"0":{"start":{"line":4,"column":25},"end":{"line":7,"column":1}}},"fnMap":{},"branchMap":{},"s":{"0":4},"f":{},"b":{},"_coverageSchema":"1a1c01bbd47fc00a2c39e90264f33305004495a9","hash":"a54a0b3e5271ad368815b85b911928e12e5d8e8c"}
,"/home/danilosilvadev/dev/interview-tests/addi-crm/src/config/router/Router.tsx": {"path":"/home/danilosilvadev/dev/interview-tests/addi-crm/src/config/router/Router.tsx","statementMap":{"0":{"start":{"line":6,"column":22},"end":{"line":21,"column":1}},"1":{"start":{"line":7,"column":2},"end":{"line":20,"column":4}},"2":{"start":{"line":11,"column":10},"end":{"line":15,"column":12}},"3":{"start":{"line":23,"column":15},"end":{"line":32,"column":1}}},"fnMap":{"0":{"name":"(anonymous_0)","decl":{"start":{"line":6,"column":22},"end":{"line":6,"column":23}},"loc":{"start":{"line":6,"column":28},"end":{"line":21,"column":1}},"line":6},"1":{"name":"(anonymous_1)","decl":{"start":{"line":10,"column":20},"end":{"line":10,"column":21}},"loc":{"start":{"line":11,"column":10},"end":{"line":15,"column":12}},"line":11}},"branchMap":{},"s":{"0":4,"1":0,"2":0,"3":4},"f":{"0":0,"1":0},"b":{},"_coverageSchema":"1a1c01bbd47fc00a2c39e90264f33305004495a9","hash":"abd694bc0900fec6ccdaa48c63dba7324883bde6"}
,"/home/danilosilvadev/dev/interview-tests/addi-crm/src/config/router/index.ts": {"path":"/home/danilosilvadev/dev/interview-tests/addi-crm/src/config/router/index.ts","statementMap":{},"fnMap":{},"branchMap":{},"s":{},"f":{},"b":{},"_coverageSchema":"1a1c01bbd47fc00a2c39e90264f33305004495a9","hash":"150bbb74028b72022db2a24c8ad902b5958a3541"}
,"/home/danilosilvadev/dev/interview-tests/addi-crm/src/config/router/routes.ts": {"path":"/home/danilosilvadev/dev/interview-tests/addi-crm/src/config/router/routes.ts","statementMap":{"0":{"start":{"line":3,"column":22},"end":{"line":12,"column":1}}},"fnMap":{},"branchMap":{},"s":{"0":4},"f":{},"b":{},"_coverageSchema":"1a1c01bbd47fc00a2c39e90264f33305004495a9","hash":"42038323dfc8e09fc3956e082f5a506f24461a1a"}
,"/home/danilosilvadev/dev/interview-tests/addi-crm/src/features/common/index.ts": {"path":"/home/danilosilvadev/dev/interview-tests/addi-crm/src/features/common/index.ts","statementMap":{"0":{"start":{"line":13,"column":22},"end":{"line":24,"column":1}}},"fnMap":{},"branchMap":{},"s":{"0":4},"f":{},"b":{},"_coverageSchema":"1a1c01bbd47fc00a2c39e90264f33305004495a9","hash":"375a2280039b86ec7322dcb3dcc5d34f82ffa8c7"}
,"/home/danilosilvadev/dev/interview-tests/addi-crm/src/features/common/components/Center.tsx": {"path":"/home/danilosilvadev/dev/interview-tests/addi-crm/src/features/common/components/Center.tsx","statementMap":{"0":{"start":{"line":3,"column":22},"end":{"line":10,"column":1}},"1":{"start":{"line":12,"column":23},"end":{"line":17,"column":1}},"2":{"start":{"line":19,"column":23},"end":{"line":24,"column":1}}},"fnMap":{},"branchMap":{},"s":{"0":4,"1":4,"2":4},"f":{},"b":{},"_coverageSchema":"1a1c01bbd47fc00a2c39e90264f33305004495a9","hash":"a6f88cf16f1e33b971ddf4c4bb78221b0e9de565"}
,"/home/danilosilvadev/dev/interview-tests/addi-crm/src/features/common/components/ControlledInput.tsx": {"path":"/home/danilosilvadev/dev/interview-tests/addi-crm/src/features/common/components/ControlledInput.tsx","statementMap":{"0":{"start":{"line":11,"column":31},"end":{"line":43,"column":1}},"1":{"start":{"line":19,"column":6},"end":{"line":19,"column":11}},"2":{"start":{"line":20,"column":2},"end":{"line":42,"column":4}},"3":{"start":{"line":29,"column":10},"end":{"line":29,"column":50}},"4":{"start":{"line":45,"column":14},"end":{"line":48,"column":1}},"5":{"start":{"line":47,"column":4},"end":{"line":47,"column":51}},"6":{"start":{"line":50,"column":18},"end":{"line":57,"column":1}},"7":{"start":{"line":56,"column":4},"end":{"line":56,"column":69}}},"fnMap":{"0":{"name":"(anonymous_0)","decl":{"start":{"line":11,"column":31},"end":{"line":11,"column":32}},"loc":{"start":{"line":11,"column":50},"end":{"line":43,"column":1}},"line":11},"1":{"name":"(anonymous_1)","decl":{"start":{"line":28,"column":18},"end":{"line":28,"column":19}},"loc":{"start":{"line":28,"column":25},"end":{"line":30,"column":9}},"line":28},"2":{"name":"(anonymous_2)","decl":{"start":{"line":46,"column":11},"end":{"line":46,"column":12}},"loc":{"start":{"line":47,"column":4},"end":{"line":47,"column":51}},"line":47},"3":{"name":"(anonymous_3)","decl":{"start":{"line":55,"column":12},"end":{"line":55,"column":13}},"loc":{"start":{"line":56,"column":4},"end":{"line":56,"column":69}},"line":56}},"branchMap":{"0":{"loc":{"start":{"line":33,"column":15},"end":{"line":33,"column":35}},"type":"binary-expr","locations":[{"start":{"line":33,"column":15},"end":{"line":33,"column":29}},{"start":{"line":33,"column":33},"end":{"line":33,"column":35}}],"line":33},"1":{"loc":{"start":{"line":36,"column":7},"end":{"line":40,"column":14}},"type":"cond-expr","locations":[{"start":{"line":37,"column":8},"end":{"line":39,"column":16}},{"start":{"line":40,"column":10},"end":{"line":40,"column":14}}],"line":36},"2":{"loc":{"start":{"line":47,"column":4},"end":{"line":47,"column":51}},"type":"cond-expr","locations":[{"start":{"line":47,"column":18},"end":{"line":47,"column":42}},{"start":{"line":47,"column":45},"end":{"line":47,"column":51}}],"line":47},"3":{"loc":{"start":{"line":56,"column":17},"end":{"line":56,"column":67}},"type":"cond-expr","locations":[{"start":{"line":56,"column":25},"end":{"line":56,"column":43}},{"start":{"line":56,"column":46},"end":{"line":56,"column":67}}],"line":56}},"s":{"0":4,"1":67,"2":67,"3":6,"4":4,"5":80,"6":4,"7":67},"f":{"0":67,"1":6,"2":80,"3":67},"b":{"0":[67,52],"1":[13,54],"2":[26,54],"3":[13,54]},"_coverageSchema":"1a1c01bbd47fc00a2c39e90264f33305004495a9","hash":"d3708bcbb6ffa3bbae4b21adfa702765d04390ca"}
,"/home/danilosilvadev/dev/interview-tests/addi-crm/src/features/common/components/Spinner.tsx": {"path":"/home/danilosilvadev/dev/interview-tests/addi-crm/src/features/common/components/Spinner.tsx","statementMap":{"0":{"start":{"line":4,"column":23},"end":{"line":15,"column":1}},"1":{"start":{"line":5,"column":2},"end":{"line":14,"column":18}},"2":{"start":{"line":17,"column":22},"end":{"line":48,"column":1}},"3":{"start":{"line":24,"column":43},"end":{"line":24,"column":63}}},"fnMap":{"0":{"name":"(anonymous_0)","decl":{"start":{"line":4,"column":23},"end":{"line":4,"column":24}},"loc":{"start":{"line":5,"column":2},"end":{"line":14,"column":18}},"line":5},"1":{"name":"(anonymous_1)","decl":{"start":{"line":24,"column":14},"end":{"line":24,"column":15}},"loc":{"start":{"line":24,"column":43},"end":{"line":24,"column":63}},"line":24}},"branchMap":{},"s":{"0":4,"1":23,"2":4,"3":1},"f":{"0":23,"1":1},"b":{},"_coverageSchema":"1a1c01bbd47fc00a2c39e90264f33305004495a9","hash":"8f774f4fa846514042b1ba57b8ffad45e9701c37"}
,"/home/danilosilvadev/dev/interview-tests/addi-crm/src/features/common/components/index.ts": {"path":"/home/danilosilvadev/dev/interview-tests/addi-crm/src/features/common/components/index.ts","statementMap":{},"fnMap":{},"branchMap":{},"s":{},"f":{},"b":{},"_coverageSchema":"1a1c01bbd47fc00a2c39e90264f33305004495a9","hash":"20180e82db5d6f22ccb5c8d5761099fd602cd677"}
,"/home/danilosilvadev/dev/interview-tests/addi-crm/src/features/common/components/HOC/DataFetchingHOC.tsx": {"path":"/home/danilosilvadev/dev/interview-tests/addi-crm/src/features/common/components/HOC/DataFetchingHOC.tsx","statementMap":{"0":{"start":{"line":10,"column":31},"end":{"line":18,"column":1}},"1":{"start":{"line":11,"column":2},"end":{"line":17,"column":4}}},"fnMap":{"0":{"name":"(anonymous_0)","decl":{"start":{"line":10,"column":31},"end":{"line":10,"column":32}},"loc":{"start":{"line":10,"column":73},"end":{"line":18,"column":1}},"line":10}},"branchMap":{},"s":{"0":4,"1":22},"f":{"0":22},"b":{},"_coverageSchema":"1a1c01bbd47fc00a2c39e90264f33305004495a9","hash":"b11f19fb03d27af20b350a47c3e121a0fb319894"}
,"/home/danilosilvadev/dev/interview-tests/addi-crm/src/features/common/components/HOC/ErrorBoundaryHOC.tsx": {"path":"/home/danilosilvadev/dev/interview-tests/addi-crm/src/features/common/components/HOC/ErrorBoundaryHOC.tsx","statementMap":{"0":{"start":{"line":11,"column":10},"end":{"line":13,"column":3}},"1":{"start":{"line":16,"column":4},"end":{"line":16,"column":30}},"2":{"start":{"line":20,"column":4},"end":{"line":20,"column":34}},"3":{"start":{"line":24,"column":4},"end":{"line":31,"column":5}},"4":{"start":{"line":25,"column":6},"end":{"line":30,"column":8}},"5":{"start":{"line":33,"column":4},"end":{"line":33,"column":38}},"6":{"start":{"line":37,"column":11},"end":{"line":39,"column":1}},"7":{"start":{"line":38,"column":36},"end":{"line":38,"column":60}}},"fnMap":{"0":{"name":"(anonymous_0)","decl":{"start":{"line":15,"column":2},"end":{"line":15,"column":3}},"loc":{"start":{"line":15,"column":46},"end":{"line":17,"column":3}},"line":15},"1":{"name":"(anonymous_1)","decl":{"start":{"line":19,"column":2},"end":{"line":19,"column":3}},"loc":{"start":{"line":19,"column":48},"end":{"line":21,"column":3}},"line":19},"2":{"name":"(anonymous_2)","decl":{"start":{"line":23,"column":2},"end":{"line":23,"column":3}},"loc":{"start":{"line":23,"column":11},"end":{"line":34,"column":3}},"line":23},"3":{"name":"(anonymous_3)","decl":{"start":{"line":38,"column":11},"end":{"line":38,"column":12}},"loc":{"start":{"line":38,"column":36},"end":{"line":38,"column":60}},"line":38}},"branchMap":{"0":{"loc":{"start":{"line":24,"column":4},"end":{"line":31,"column":5}},"type":"if","locations":[{"start":{"line":24,"column":4},"end":{"line":31,"column":5}},{"start":{},"end":{}}],"line":24},"1":{"loc":{"start":{"line":24,"column":8},"end":{"line":24,"column":47}},"type":"binary-expr","locations":[{"start":{"line":24,"column":8},"end":{"line":24,"column":27}},{"start":{"line":24,"column":31},"end":{"line":24,"column":47}}],"line":24}},"s":{"0":7,"1":0,"2":0,"3":21,"4":0,"5":21,"6":4,"7":0},"f":{"0":0,"1":0,"2":21,"3":0},"b":{"0":[0,21],"1":[21,21]},"_coverageSchema":"1a1c01bbd47fc00a2c39e90264f33305004495a9","hash":"e0c3f14309aa1f79e8ca7744f6fc7008d9e2c148"}
,"/home/danilosilvadev/dev/interview-tests/addi-crm/src/features/common/components/HOC/SuspenseHOC.tsx": {"path":"/home/danilosilvadev/dev/interview-tests/addi-crm/src/features/common/components/HOC/SuspenseHOC.tsx","statementMap":{"0":{"start":{"line":4,"column":17},"end":{"line":4,"column":24}},"1":{"start":{"line":11,"column":27},"end":{"line":17,"column":1}},"2":{"start":{"line":12,"column":2},"end":{"line":16,"column":4}}},"fnMap":{"0":{"name":"(anonymous_0)","decl":{"start":{"line":11,"column":27},"end":{"line":11,"column":28}},"loc":{"start":{"line":11,"column":62},"end":{"line":17,"column":1}},"line":11}},"branchMap":{"0":{"loc":{"start":{"line":14,"column":7},"end":{"line":14,"column":47}},"type":"cond-expr","locations":[{"start":{"line":14,"column":17},"end":{"line":14,"column":29}},{"start":{"line":14,"column":32},"end":{"line":14,"column":47}}],"line":14}},"s":{"0":4,"1":4,"2":22},"f":{"0":22},"b":{"0":[1,21]},"_coverageSchema":"1a1c01bbd47fc00a2c39e90264f33305004495a9","hash":"bdae529b69fa6d3c4ce85a8429b7e132bd581856"}
,"/home/danilosilvadev/dev/interview-tests/addi-crm/src/features/common/components/HOC/index.ts": {"path":"/home/danilosilvadev/dev/interview-tests/addi-crm/src/features/common/components/HOC/index.ts","statementMap":{},"fnMap":{},"branchMap":{},"s":{},"f":{},"b":{},"_coverageSchema":"1a1c01bbd47fc00a2c39e90264f33305004495a9","hash":"8c21f9dd10e0f3d0e63c5912c7b9838aabb1071a"}
,"/home/danilosilvadev/dev/interview-tests/addi-crm/src/features/common/hooks/index.ts": {"path":"/home/danilosilvadev/dev/interview-tests/addi-crm/src/features/common/hooks/index.ts","statementMap":{},"fnMap":{},"branchMap":{},"s":{},"f":{},"b":{},"_coverageSchema":"1a1c01bbd47fc00a2c39e90264f33305004495a9","hash":"5d2536cdf7bda392ac9ca8cb9c1580123ae4ae42"}
,"/home/danilosilvadev/dev/interview-tests/addi-crm/src/features/common/hooks/useApi.ts": {"path":"/home/danilosilvadev/dev/interview-tests/addi-crm/src/features/common/hooks/useApi.ts","statementMap":{"0":{"start":{"line":4,"column":22},"end":{"line":28,"column":1}},"1":{"start":{"line":5,"column":34},"end":{"line":5,"column":53}},"2":{"start":{"line":6,"column":28},"end":{"line":6,"column":48}},"3":{"start":{"line":7,"column":32},"end":{"line":7,"column":56}},"4":{"start":{"line":9,"column":24},"end":{"line":25,"column":3}},"5":{"start":{"line":10,"column":4},"end":{"line":10,"column":28}},"6":{"start":{"line":10,"column":15},"end":{"line":10,"column":28}},"7":{"start":{"line":11,"column":4},"end":{"line":11,"column":21}},"8":{"start":{"line":12,"column":4},"end":{"line":24,"column":9}},"9":{"start":{"line":14,"column":8},"end":{"line":14,"column":25}},"10":{"start":{"line":15,"column":8},"end":{"line":15,"column":21}},"11":{"start":{"line":18,"column":27},"end":{"line":18,"column":72}},"12":{"start":{"line":19,"column":8},"end":{"line":19,"column":29}},"13":{"start":{"line":20,"column":8},"end":{"line":20,"column":36}},"14":{"start":{"line":23,"column":8},"end":{"line":23,"column":26}},"15":{"start":{"line":27,"column":2},"end":{"line":27,"column":51}}},"fnMap":{"0":{"name":"(anonymous_0)","decl":{"start":{"line":4,"column":22},"end":{"line":4,"column":23}},"loc":{"start":{"line":4,"column":28},"end":{"line":28,"column":1}},"line":4},"1":{"name":"(anonymous_1)","decl":{"start":{"line":9,"column":24},"end":{"line":9,"column":25}},"loc":{"start":{"line":9,"column":51},"end":{"line":25,"column":3}},"line":9},"2":{"name":"(anonymous_2)","decl":{"start":{"line":13,"column":12},"end":{"line":13,"column":13}},"loc":{"start":{"line":13,"column":45},"end":{"line":16,"column":7}},"line":13},"3":{"name":"(anonymous_3)","decl":{"start":{"line":17,"column":13},"end":{"line":17,"column":14}},"loc":{"start":{"line":17,"column":22},"end":{"line":21,"column":7}},"line":17},"4":{"name":"(anonymous_4)","decl":{"start":{"line":22,"column":15},"end":{"line":22,"column":16}},"loc":{"start":{"line":22,"column":21},"end":{"line":24,"column":7}},"line":22}},"branchMap":{"0":{"loc":{"start":{"line":10,"column":4},"end":{"line":10,"column":28}},"type":"if","locations":[{"start":{"line":10,"column":4},"end":{"line":10,"column":28}},{"start":{},"end":{}}],"line":10},"1":{"loc":{"start":{"line":18,"column":27},"end":{"line":18,"column":72}},"type":"binary-expr","locations":[{"start":{"line":18,"column":27},"end":{"line":18,"column":57}},{"start":{"line":18,"column":61},"end":{"line":18,"column":72}}],"line":18}},"s":{"0":4,"1":44,"2":44,"3":44,"4":44,"5":2,"6":0,"7":2,"8":2,"9":0,"10":0,"11":0,"12":0,"13":0,"14":0,"15":44},"f":{"0":44,"1":2,"2":0,"3":0,"4":0},"b":{"0":[0,2],"1":[0,0]},"_coverageSchema":"1a1c01bbd47fc00a2c39e90264f33305004495a9","hash":"d6c1bdb35b6ecd7971ae6a4d321a103b02aa8789"}
,"/home/danilosilvadev/dev/interview-tests/addi-crm/src/features/common/hooks/useForm.ts": {"path":"/home/danilosilvadev/dev/interview-tests/addi-crm/src/features/common/hooks/useForm.ts","statementMap":{"0":{"start":{"line":3,"column":23},"end":{"line":62,"column":1}},"1":{"start":{"line":4,"column":34},"end":{"line":6,"column":3}},"2":{"start":{"line":7,"column":30},"end":{"line":7,"column":69}},"3":{"start":{"line":8,"column":44},"end":{"line":8,"column":68}},"4":{"start":{"line":10,"column":23},"end":{"line":19,"column":3}},"5":{"start":{"line":11,"column":4},"end":{"line":18,"column":6}},"6":{"start":{"line":12,"column":6},"end":{"line":17,"column":9}},"7":{"start":{"line":13,"column":8},"end":{"line":16,"column":10}},"8":{"start":{"line":21,"column":27},"end":{"line":31,"column":3}},"9":{"start":{"line":25,"column":4},"end":{"line":25,"column":27}},"10":{"start":{"line":26,"column":4},"end":{"line":26,"column":27}},"11":{"start":{"line":27,"column":4},"end":{"line":27,"column":23}},"12":{"start":{"line":28,"column":4},"end":{"line":30,"column":5}},"13":{"start":{"line":29,"column":6},"end":{"line":29,"column":32}},"14":{"start":{"line":33,"column":27},"end":{"line":47,"column":3}},"15":{"start":{"line":34,"column":4},"end":{"line":46,"column":9}},"16":{"start":{"line":37,"column":8},"end":{"line":37,"column":60}},"17":{"start":{"line":37,"column":46},"end":{"line":37,"column":60}},"18":{"start":{"line":40,"column":50},"end":{"line":40,"column":52}},"19":{"start":{"line":41,"column":8},"end":{"line":44,"column":11}},"20":{"start":{"line":42,"column":36},"end":{"line":42,"column":37}},"21":{"start":{"line":43,"column":10},"end":{"line":43,"column":33}},"22":{"start":{"line":45,"column":8},"end":{"line":45,"column":26}},"23":{"start":{"line":49,"column":21},"end":{"line":52,"column":3}},"24":{"start":{"line":50,"column":4},"end":{"line":50,"column":31}},"25":{"start":{"line":50,"column":24},"end":{"line":50,"column":31}},"26":{"start":{"line":51,"column":4},"end":{"line":51,"column":23}},"27":{"start":{"line":54,"column":19},"end":{"line":59,"column":3}},"28":{"start":{"line":61,"column":2},"end":{"line":61,"column":58}}},"fnMap":{"0":{"name":"(anonymous_0)","decl":{"start":{"line":3,"column":23},"end":{"line":3,"column":24}},"loc":{"start":{"line":3,"column":68},"end":{"line":62,"column":1}},"line":3},"1":{"name":"(anonymous_1)","decl":{"start":{"line":10,"column":23},"end":{"line":10,"column":24}},"loc":{"start":{"line":10,"column":40},"end":{"line":19,"column":3}},"line":10},"2":{"name":"(anonymous_2)","decl":{"start":{"line":11,"column":11},"end":{"line":11,"column":12}},"loc":{"start":{"line":11,"column":30},"end":{"line":18,"column":5}},"line":11},"3":{"name":"(anonymous_3)","decl":{"start":{"line":12,"column":18},"end":{"line":12,"column":19}},"loc":{"start":{"line":12,"column":33},"end":{"line":17,"column":7}},"line":12},"4":{"name":"(anonymous_4)","decl":{"start":{"line":21,"column":27},"end":{"line":21,"column":28}},"loc":{"start":{"line":24,"column":7},"end":{"line":31,"column":3}},"line":24},"5":{"name":"(anonymous_5)","decl":{"start":{"line":33,"column":27},"end":{"line":33,"column":28}},"loc":{"start":{"line":33,"column":33},"end":{"line":47,"column":3}},"line":33},"6":{"name":"(anonymous_6)","decl":{"start":{"line":36,"column":12},"end":{"line":36,"column":13}},"loc":{"start":{"line":36,"column":32},"end":{"line":38,"column":7}},"line":36},"7":{"name":"(anonymous_7)","decl":{"start":{"line":39,"column":13},"end":{"line":39,"column":14}},"loc":{"start":{"line":39,"column":35},"end":{"line":46,"column":7}},"line":39},"8":{"name":"(anonymous_8)","decl":{"start":{"line":41,"column":34},"end":{"line":41,"column":35}},"loc":{"start":{"line":41,"column":46},"end":{"line":44,"column":9}},"line":41},"9":{"name":"(anonymous_9)","decl":{"start":{"line":49,"column":21},"end":{"line":49,"column":22}},"loc":{"start":{"line":49,"column":33},"end":{"line":52,"column":3}},"line":49}},"branchMap":{"0":{"loc":{"start":{"line":3,"column":26},"end":{"line":3,"column":43}},"type":"default-arg","locations":[{"start":{"line":3,"column":41},"end":{"line":3,"column":43}}],"line":3},"1":{"loc":{"start":{"line":3,"column":45},"end":{"line":3,"column":56}},"type":"default-arg","locations":[{"start":{"line":3,"column":54},"end":{"line":3,"column":56}}],"line":3},"2":{"loc":{"start":{"line":28,"column":4},"end":{"line":30,"column":5}},"type":"if","locations":[{"start":{"line":28,"column":4},"end":{"line":30,"column":5}},{"start":{},"end":{}}],"line":28},"3":{"loc":{"start":{"line":28,"column":8},"end":{"line":28,"column":76}},"type":"binary-expr","locations":[{"start":{"line":28,"column":8},"end":{"line":28,"column":40}},{"start":{"line":28,"column":44},"end":{"line":28,"column":76}}],"line":28},"4":{"loc":{"start":{"line":37,"column":8},"end":{"line":37,"column":60}},"type":"if","locations":[{"start":{"line":37,"column":8},"end":{"line":37,"column":60}},{"start":{},"end":{}}],"line":37},"5":{"loc":{"start":{"line":50,"column":4},"end":{"line":50,"column":31}},"type":"if","locations":[{"start":{"line":50,"column":4},"end":{"line":50,"column":31}},{"start":{},"end":{}}],"line":50}},"s":{"0":4,"1":22,"2":22,"3":22,"4":22,"5":6,"6":6,"7":6,"8":22,"9":5,"10":5,"11":5,"12":5,"13":1,"14":22,"15":5,"16":1,"17":0,"18":4,"19":4,"20":12,"21":12,"22":4,"23":22,"24":0,"25":0,"26":0,"27":22,"28":22},"f":{"0":22,"1":6,"2":6,"3":6,"4":5,"5":5,"6":1,"7":4,"8":12,"9":0},"b":{"0":[22],"1":[0],"2":[1,4],"3":[5,5],"4":[0,1],"5":[0,0]},"_coverageSchema":"1a1c01bbd47fc00a2c39e90264f33305004495a9","hash":"ca2260f5f7307d37ea827a93adbd72e8e3d8ec2e"}
,"/home/danilosilvadev/dev/interview-tests/addi-crm/src/features/main/index.ts": {"path":"/home/danilosilvadev/dev/interview-tests/addi-crm/src/features/main/index.ts","statementMap":{"0":{"start":{"line":3,"column":20},"end":{"line":8,"column":1}}},"fnMap":{},"branchMap":{},"s":{"0":4},"f":{},"b":{},"_coverageSchema":"1a1c01bbd47fc00a2c39e90264f33305004495a9","hash":"5a6c5a7ebab9cbe481630d0bd483249822b49118"}
,"/home/danilosilvadev/dev/interview-tests/addi-crm/src/features/main/components/BG.tsx": {"path":"/home/danilosilvadev/dev/interview-tests/addi-crm/src/features/main/components/BG.tsx","statementMap":{"0":{"start":{"line":4,"column":18},"end":{"line":12,"column":1}},"1":{"start":{"line":5,"column":51},"end":{"line":5,"column":73}}},"fnMap":{"0":{"name":"(anonymous_0)","decl":{"start":{"line":5,"column":22},"end":{"line":5,"column":23}},"loc":{"start":{"line":5,"column":51},"end":{"line":5,"column":73}},"line":5}},"branchMap":{},"s":{"0":4,"1":22},"f":{"0":22},"b":{},"_coverageSchema":"1a1c01bbd47fc00a2c39e90264f33305004495a9","hash":"e9f673e41587131dc3feffe6791685125cfd1d48"}
,"/home/danilosilvadev/dev/interview-tests/addi-crm/src/features/main/components/Button.tsx": {"path":"/home/danilosilvadev/dev/interview-tests/addi-crm/src/features/main/components/Button.tsx","statementMap":{"0":{"start":{"line":4,"column":22},"end":{"line":15,"column":1}},"1":{"start":{"line":8,"column":51},"end":{"line":8,"column":71}},"2":{"start":{"line":9,"column":40},"end":{"line":9,"column":58}}},"fnMap":{"0":{"name":"(anonymous_0)","decl":{"start":{"line":8,"column":22},"end":{"line":8,"column":23}},"loc":{"start":{"line":8,"column":51},"end":{"line":8,"column":71}},"line":8},"1":{"name":"(anonymous_1)","decl":{"start":{"line":9,"column":11},"end":{"line":9,"column":12}},"loc":{"start":{"line":9,"column":40},"end":{"line":9,"column":58}},"line":9}},"branchMap":{},"s":{"0":4,"1":26,"2":26},"f":{"0":26,"1":26},"b":{},"_coverageSchema":"1a1c01bbd47fc00a2c39e90264f33305004495a9","hash":"cb229a5c9bd47eb03bcfdeb3080a9f170308351f"}
,"/home/danilosilvadev/dev/interview-tests/addi-crm/src/features/main/components/Container.tsx": {"path":"/home/danilosilvadev/dev/interview-tests/addi-crm/src/features/main/components/Container.tsx","statementMap":{"0":{"start":{"line":10,"column":25},"end":{"line":20,"column":1}},"1":{"start":{"line":13,"column":26},"end":{"line":13,"column":47}},"2":{"start":{"line":14,"column":28},"end":{"line":14,"column":49}},"3":{"start":{"line":17,"column":4},"end":{"line":17,"column":62}}},"fnMap":{"0":{"name":"(anonymous_0)","decl":{"start":{"line":13,"column":11},"end":{"line":13,"column":12}},"loc":{"start":{"line":13,"column":26},"end":{"line":13,"column":47}},"line":13},"1":{"name":"(anonymous_1)","decl":{"start":{"line":14,"column":12},"end":{"line":14,"column":13}},"loc":{"start":{"line":14,"column":28},"end":{"line":14,"column":49}},"line":14},"2":{"name":"(anonymous_2)","decl":{"start":{"line":16,"column":12},"end":{"line":16,"column":13}},"loc":{"start":{"line":17,"column":4},"end":{"line":17,"column":62}},"line":17}},"branchMap":{"0":{"loc":{"start":{"line":13,"column":26},"end":{"line":13,"column":47}},"type":"binary-expr","locations":[{"start":{"line":13,"column":26},"end":{"line":13,"column":36}},{"start":{"line":13,"column":40},"end":{"line":13,"column":47}}],"line":13},"1":{"loc":{"start":{"line":14,"column":28},"end":{"line":14,"column":49}},"type":"binary-expr","locations":[{"start":{"line":14,"column":28},"end":{"line":14,"column":39}},{"start":{"line":14,"column":43},"end":{"line":14,"column":49}}],"line":14},"2":{"loc":{"start":{"line":17,"column":7},"end":{"line":17,"column":60}},"type":"cond-expr","locations":[{"start":{"line":17,"column":16},"end":{"line":17,"column":51}},{"start":{"line":17,"column":54},"end":{"line":17,"column":60}}],"line":17}},"s":{"0":4,"1":5,"2":5,"3":5},"f":{"0":5,"1":5,"2":5},"b":{"0":[5,0],"1":[5,0],"2":[5,0]},"_coverageSchema":"1a1c01bbd47fc00a2c39e90264f33305004495a9","hash":"946ca68cee7fa8e7f08203f35657049a878e0f95"}
,"/home/danilosilvadev/dev/interview-tests/addi-crm/src/features/main/components/index.ts": {"path":"/home/danilosilvadev/dev/interview-tests/addi-crm/src/features/main/components/index.ts","statementMap":{},"fnMap":{},"branchMap":{},"s":{},"f":{},"b":{},"_coverageSchema":"1a1c01bbd47fc00a2c39e90264f33305004495a9","hash":"518c022b78b8c2e9d1c3f3112d6063a91bc061d8"}
,"/home/danilosilvadev/dev/interview-tests/addi-crm/src/features/main/helpers/index.ts": {"path":"/home/danilosilvadev/dev/interview-tests/addi-crm/src/features/main/helpers/index.ts","statementMap":{},"fnMap":{},"branchMap":{},"s":{},"f":{},"b":{},"_coverageSchema":"1a1c01bbd47fc00a2c39e90264f33305004495a9","hash":"7eb0af0bac802b43e358ae32911102f6e8a2d29e"}
,"/home/danilosilvadev/dev/interview-tests/addi-crm/src/features/main/helpers/schemas.ts": {"path":"/home/danilosilvadev/dev/interview-tests/addi-crm/src/features/main/helpers/schemas.ts","statementMap":{"0":{"start":{"line":3,"column":45},"end":{"line":16,"column":1}},"1":{"start":{"line":18,"column":36},"end":{"line":18,"column":65}},"2":{"start":{"line":20,"column":30},"end":{"line":27,"column":2}},"3":{"start":{"line":29,"column":35},"end":{"line":33,"column":1}}},"fnMap":{},"branchMap":{},"s":{"0":4,"1":4,"2":4,"3":4},"f":{},"b":{},"_coverageSchema":"1a1c01bbd47fc00a2c39e90264f33305004495a9","hash":"096e728236267d568c44d58724414b43f585ffd3"}
,"/home/danilosilvadev/dev/interview-tests/addi-crm/src/features/main/helpers/validations.ts": {"path":"/home/danilosilvadev/dev/interview-tests/addi-crm/src/features/main/helpers/validations.ts","statementMap":{"0":{"start":{"line":3,"column":27},"end":{"line":13,"column":1}},"1":{"start":{"line":5,"column":4},"end":{"line":5,"column":72}},"2":{"start":{"line":8,"column":4},"end":{"line":8,"column":61}},"3":{"start":{"line":11,"column":4},"end":{"line":11,"column":35}}},"fnMap":{"0":{"name":"(anonymous_0)","decl":{"start":{"line":4,"column":12},"end":{"line":4,"column":13}},"loc":{"start":{"line":4,"column":46},"end":{"line":6,"column":3}},"line":4},"1":{"name":"(anonymous_1)","decl":{"start":{"line":7,"column":9},"end":{"line":7,"column":10}},"loc":{"start":{"line":7,"column":36},"end":{"line":9,"column":3}},"line":7},"2":{"name":"(anonymous_2)","decl":{"start":{"line":10,"column":9},"end":{"line":10,"column":10}},"loc":{"start":{"line":10,"column":26},"end":{"line":12,"column":3}},"line":10}},"branchMap":{"0":{"loc":{"start":{"line":5,"column":11},"end":{"line":5,"column":71}},"type":"binary-expr","locations":[{"start":{"line":5,"column":11},"end":{"line":5,"column":38}},{"start":{"line":5,"column":42},"end":{"line":5,"column":71}}],"line":5},"1":{"loc":{"start":{"line":8,"column":11},"end":{"line":8,"column":60}},"type":"binary-expr","locations":[{"start":{"line":8,"column":11},"end":{"line":8,"column":20}},{"start":{"line":8,"column":24},"end":{"line":8,"column":60}}],"line":8},"2":{"loc":{"start":{"line":11,"column":11},"end":{"line":11,"column":34}},"type":"binary-expr","locations":[{"start":{"line":11,"column":11},"end":{"line":11,"column":15}},{"start":{"line":11,"column":19},"end":{"line":11,"column":34}}],"line":11}},"s":{"0":5,"1":2,"2":2,"3":2},"f":{"0":2,"1":2,"2":2},"b":{"0":[2,1],"1":[2,2],"2":[2,2]},"_coverageSchema":"1a1c01bbd47fc00a2c39e90264f33305004495a9","hash":"77ff39e53d767c71fcf158fc2e4dec11291f04e1"}
,"/home/danilosilvadev/dev/interview-tests/addi-crm/src/features/main/hooks/index.ts": {"path":"/home/danilosilvadev/dev/interview-tests/addi-crm/src/features/main/hooks/index.ts","statementMap":{},"fnMap":{},"branchMap":{},"s":{},"f":{},"b":{},"_coverageSchema":"1a1c01bbd47fc00a2c39e90264f33305004495a9","hash":"946b4e5bac0d2755331cfce5079bcca0f4a83cda"}
,"/home/danilosilvadev/dev/interview-tests/addi-crm/src/features/main/hooks/useValidateLead.ts": {"path":"/home/danilosilvadev/dev/interview-tests/addi-crm/src/features/main/hooks/useValidateLead.ts","statementMap":{"0":{"start":{"line":6,"column":31},"end":{"line":54,"column":1}},"1":{"start":{"line":7,"column":19},"end":{"line":7,"column":32}},"2":{"start":{"line":8,"column":22},"end":{"line":8,"column":45}},"3":{"start":{"line":9,"column":28},"end":{"line":29,"column":3}},"4":{"start":{"line":14,"column":4},"end":{"line":28,"column":5}},"5":{"start":{"line":16,"column":8},"end":{"line":16,"column":77}},"6":{"start":{"line":17,"column":8},"end":{"line":17,"column":14}},"7":{"start":{"line":19,"column":8},"end":{"line":19,"column":74}},"8":{"start":{"line":20,"column":8},"end":{"line":20,"column":14}},"9":{"start":{"line":22,"column":8},"end":{"line":24,"column":11}},"10":{"start":{"line":25,"column":8},"end":{"line":25,"column":14}},"11":{"start":{"line":27,"column":8},"end":{"line":27,"column":62}},"12":{"start":{"line":38,"column":31},"end":{"line":51,"column":3}},"13":{"start":{"line":44,"column":4},"end":{"line":49,"column":7}},"14":{"start":{"line":50,"column":4},"end":{"line":50,"column":29}},"15":{"start":{"line":53,"column":2},"end":{"line":53,"column":31}}},"fnMap":{"0":{"name":"(anonymous_0)","decl":{"start":{"line":6,"column":31},"end":{"line":6,"column":32}},"loc":{"start":{"line":6,"column":37},"end":{"line":54,"column":1}},"line":6},"1":{"name":"(anonymous_1)","decl":{"start":{"line":9,"column":28},"end":{"line":9,"column":29}},"loc":{"start":{"line":13,"column":7},"end":{"line":29,"column":3}},"line":13},"2":{"name":"(anonymous_2)","decl":{"start":{"line":38,"column":31},"end":{"line":38,"column":32}},"loc":{"start":{"line":43,"column":31},"end":{"line":51,"column":3}},"line":43}},"branchMap":{"0":{"loc":{"start":{"line":14,"column":4},"end":{"line":28,"column":5}},"type":"switch","locations":[{"start":{"line":15,"column":6},"end":{"line":17,"column":14}},{"start":{"line":18,"column":6},"end":{"line":20,"column":14}},{"start":{"line":21,"column":6},"end":{"line":25,"column":14}},{"start":{"line":26,"column":6},"end":{"line":27,"column":62}}],"line":14},"1":{"loc":{"start":{"line":39,"column":4},"end":{"line":39,"column":21}},"type":"default-arg","locations":[{"start":{"line":39,"column":19},"end":{"line":39,"column":21}}],"line":39},"2":{"loc":{"start":{"line":40,"column":4},"end":{"line":40,"column":19}},"type":"default-arg","locations":[{"start":{"line":40,"column":14},"end":{"line":40,"column":19}}],"line":40},"3":{"loc":{"start":{"line":41,"column":4},"end":{"line":41,"column":21}},"type":"default-arg","locations":[{"start":{"line":41,"column":19},"end":{"line":41,"column":21}}],"line":41},"4":{"loc":{"start":{"line":42,"column":4},"end":{"line":42,"column":26}},"type":"default-arg","locations":[{"start":{"line":42,"column":24},"end":{"line":42,"column":26}}],"line":42}},"s":{"0":4,"1":23,"2":23,"3":23,"4":0,"5":0,"6":0,"7":0,"8":0,"9":0,"10":0,"11":0,"12":23,"13":0,"14":0,"15":23},"f":{"0":23,"1":0,"2":0},"b":{"0":[0,0,0,0],"1":[0],"2":[0],"3":[0],"4":[0]},"_coverageSchema":"1a1c01bbd47fc00a2c39e90264f33305004495a9","hash":"3228e232e114376f52f08b269210acb22c7c710b"}
,"/home/danilosilvadev/dev/interview-tests/addi-crm/src/features/main/screens/LeadStatus.tsx": {"path":"/home/danilosilvadev/dev/interview-tests/addi-crm/src/features/main/screens/LeadStatus.tsx","statementMap":{"0":{"start":{"line":8,"column":26},"end":{"line":28,"column":1}},"1":{"start":{"line":9,"column":26},"end":{"line":9,"column":49}},"2":{"start":{"line":10,"column":19},"end":{"line":10,"column":32}},"3":{"start":{"line":12,"column":34},"end":{"line":14,"column":3}},"4":{"start":{"line":13,"column":4},"end":{"line":13,"column":18}},"5":{"start":{"line":16,"column":2},"end":{"line":27,"column":4}},"6":{"start":{"line":30,"column":18},"end":{"line":51,"column":1}},"7":{"start":{"line":31,"column":2},"end":{"line":50,"column":4}},"8":{"start":{"line":53,"column":13},"end":{"line":56,"column":1}},"9":{"start":{"line":58,"column":20},"end":{"line":67,"column":1}},"10":{"start":{"line":59,"column":2},"end":{"line":66,"column":4}},"11":{"start":{"line":69,"column":21},"end":{"line":71,"column":1}},"12":{"start":{"line":70,"column":40},"end":{"line":70,"column":58}},"13":{"start":{"line":73,"column":13},"end":{"line":79,"column":1}},"14":{"start":{"line":78,"column":40},"end":{"line":78,"column":61}},"15":{"start":{"line":81,"column":14},"end":{"line":88,"column":1}},"16":{"start":{"line":87,"column":40},"end":{"line":87,"column":60}},"17":{"start":{"line":90,"column":14},"end":{"line":99,"column":1}},"18":{"start":{"line":98,"column":40},"end":{"line":98,"column":60}}},"fnMap":{"0":{"name":"(anonymous_0)","decl":{"start":{"line":8,"column":26},"end":{"line":8,"column":27}},"loc":{"start":{"line":8,"column":32},"end":{"line":28,"column":1}},"line":8},"1":{"name":"(anonymous_1)","decl":{"start":{"line":12,"column":34},"end":{"line":12,"column":35}},"loc":{"start":{"line":12,"column":40},"end":{"line":14,"column":3}},"line":12},"2":{"name":"(anonymous_2)","decl":{"start":{"line":30,"column":18},"end":{"line":30,"column":19}},"loc":{"start":{"line":30,"column":36},"end":{"line":51,"column":1}},"line":30},"3":{"name":"(anonymous_3)","decl":{"start":{"line":58,"column":20},"end":{"line":58,"column":21}},"loc":{"start":{"line":58,"column":50},"end":{"line":67,"column":1}},"line":58},"4":{"name":"(anonymous_4)","decl":{"start":{"line":70,"column":11},"end":{"line":70,"column":12}},"loc":{"start":{"line":70,"column":40},"end":{"line":70,"column":58}},"line":70},"5":{"name":"(anonymous_5)","decl":{"start":{"line":78,"column":11},"end":{"line":78,"column":12}},"loc":{"start":{"line":78,"column":40},"end":{"line":78,"column":61}},"line":78},"6":{"name":"(anonymous_6)","decl":{"start":{"line":87,"column":11},"end":{"line":87,"column":12}},"loc":{"start":{"line":87,"column":40},"end":{"line":87,"column":60}},"line":87},"7":{"name":"(anonymous_7)","decl":{"start":{"line":98,"column":11},"end":{"line":98,"column":12}},"loc":{"start":{"line":98,"column":40},"end":{"line":98,"column":60}},"line":98}},"branchMap":{"0":{"loc":{"start":{"line":19,"column":9},"end":{"line":23,"column":9}},"type":"cond-expr","locations":[{"start":{"line":20,"column":10},"end":{"line":20,"column":33}},{"start":{"line":22,"column":10},"end":{"line":22,"column":50}}],"line":19},"1":{"loc":{"start":{"line":22,"column":30},"end":{"line":22,"column":46}},"type":"binary-expr","locations":[{"start":{"line":22,"column":30},"end":{"line":22,"column":40}},{"start":{"line":22,"column":44},"end":{"line":22,"column":46}}],"line":22}},"s":{"0":4,"1":5,"2":5,"3":5,"4":0,"5":5,"6":4,"7":1,"8":4,"9":4,"10":4,"11":4,"12":8,"13":4,"14":3,"15":4,"16":4,"17":4,"18":1},"f":{"0":5,"1":0,"2":1,"3":4,"4":8,"5":3,"6":4,"7":1},"b":{"0":[1,4],"1":[4,0]},"_coverageSchema":"1a1c01bbd47fc00a2c39e90264f33305004495a9","hash":"2db5fd47da1510cb75b10bd127974c754477e2aa"}
,"/home/danilosilvadev/dev/interview-tests/addi-crm/src/features/main/screens/LeadValidation.tsx": {"path":"/home/danilosilvadev/dev/interview-tests/addi-crm/src/features/main/screens/LeadValidation.tsx","statementMap":{"0":{"start":{"line":16,"column":30},"end":{"line":89,"column":1}},"1":{"start":{"line":18,"column":51},"end":{"line":20,"column":4}},"2":{"start":{"line":24,"column":4},"end":{"line":24,"column":19}},"3":{"start":{"line":31,"column":6},"end":{"line":31,"column":21}},"4":{"start":{"line":34,"column":32},"end":{"line":34,"column":49}},"5":{"start":{"line":36,"column":2},"end":{"line":44,"column":21}},"6":{"start":{"line":37,"column":4},"end":{"line":43,"column":5}},"7":{"start":{"line":38,"column":6},"end":{"line":42,"column":8}},"8":{"start":{"line":46,"column":23},"end":{"line":49,"column":3}},"9":{"start":{"line":47,"column":4},"end":{"line":47,"column":57}},"10":{"start":{"line":48,"column":4},"end":{"line":48,"column":67}},"11":{"start":{"line":51,"column":2},"end":{"line":88,"column":4}},"12":{"start":{"line":58,"column":33},"end":{"line":58,"column":66}},"13":{"start":{"line":91,"column":13},"end":{"line":100,"column":1}},"14":{"start":{"line":97,"column":41},"end":{"line":97,"column":76}}},"fnMap":{"0":{"name":"(anonymous_0)","decl":{"start":{"line":16,"column":30},"end":{"line":16,"column":31}},"loc":{"start":{"line":16,"column":36},"end":{"line":89,"column":1}},"line":16},"1":{"name":"(anonymous_1)","decl":{"start":{"line":36,"column":12},"end":{"line":36,"column":13}},"loc":{"start":{"line":36,"column":18},"end":{"line":44,"column":3}},"line":36},"2":{"name":"(anonymous_2)","decl":{"start":{"line":46,"column":23},"end":{"line":46,"column":24}},"loc":{"start":{"line":46,"column":46},"end":{"line":49,"column":3}},"line":46},"3":{"name":"(anonymous_3)","decl":{"start":{"line":58,"column":26},"end":{"line":58,"column":27}},"loc":{"start":{"line":58,"column":33},"end":{"line":58,"column":66}},"line":58},"4":{"name":"(anonymous_4)","decl":{"start":{"line":97,"column":12},"end":{"line":97,"column":13}},"loc":{"start":{"line":97,"column":41},"end":{"line":97,"column":76}},"line":97}},"branchMap":{"0":{"loc":{"start":{"line":37,"column":4},"end":{"line":43,"column":5}},"type":"if","locations":[{"start":{"line":37,"column":4},"end":{"line":43,"column":5}},{"start":{},"end":{}}],"line":37},"1":{"loc":{"start":{"line":37,"column":8},"end":{"line":37,"column":41}},"type":"binary-expr","locations":[{"start":{"line":37,"column":8},"end":{"line":37,"column":20}},{"start":{"line":37,"column":24},"end":{"line":37,"column":41}}],"line":37},"2":{"loc":{"start":{"line":55,"column":19},"end":{"line":55,"column":50}},"type":"binary-expr","locations":[{"start":{"line":55,"column":19},"end":{"line":55,"column":30}},{"start":{"line":55,"column":34},"end":{"line":55,"column":50}}],"line":55},"3":{"loc":{"start":{"line":56,"column":17},"end":{"line":56,"column":44}},"type":"binary-expr","locations":[{"start":{"line":56,"column":17},"end":{"line":56,"column":26}},{"start":{"line":56,"column":30},"end":{"line":56,"column":44}}],"line":56}},"s":{"0":4,"1":22,"2":22,"3":22,"4":22,"5":22,"6":7,"7":0,"8":22,"9":1,"10":1,"11":22,"12":5,"13":4,"14":21},"f":{"0":22,"1":7,"2":1,"3":5,"4":21},"b":{"0":[0,7],"1":[7,0],"2":[22,1],"3":[22,0]},"_coverageSchema":"1a1c01bbd47fc00a2c39e90264f33305004495a9","hash":"f180fcb37b5a7b91738722a786960df03b58d9c8"}
,"/home/danilosilvadev/dev/interview-tests/addi-crm/src/features/main/screens/index.ts": {"path":"/home/danilosilvadev/dev/interview-tests/addi-crm/src/features/main/screens/index.ts","statementMap":{},"fnMap":{},"branchMap":{},"s":{},"f":{},"b":{},"_coverageSchema":"1a1c01bbd47fc00a2c39e90264f33305004495a9","hash":"14faaea3c623a361023dff2e954adf03b75a0fe9"}
,"/home/danilosilvadev/dev/interview-tests/addi-crm/src/features/main/services/index.ts": {"path":"/home/danilosilvadev/dev/interview-tests/addi-crm/src/features/main/services/index.ts","statementMap":{},"fnMap":{},"branchMap":{},"s":{},"f":{},"b":{},"_coverageSchema":"1a1c01bbd47fc00a2c39e90264f33305004495a9","hash":"bf1f0bac0b4ad372ff26fafd9885c04f5e484962"}
,"/home/danilosilvadev/dev/interview-tests/addi-crm/src/features/main/services/lead.ts": {"path":"/home/danilosilvadev/dev/interview-tests/addi-crm/src/features/main/services/lead.ts","statementMap":{"0":{"start":{"line":3,"column":24},"end":{"line":12,"column":1}},"1":{"start":{"line":5,"column":21},"end":{"line":5,"column":61}},"2":{"start":{"line":6,"column":4},"end":{"line":6,"column":16}},"3":{"start":{"line":9,"column":21},"end":{"line":9,"column":66}},"4":{"start":{"line":10,"column":4},"end":{"line":10,"column":16}}},"fnMap":{"0":{"name":"(anonymous_0)","decl":{"start":{"line":4,"column":11},"end":{"line":4,"column":12}},"loc":{"start":{"line":4,"column":41},"end":{"line":7,"column":3}},"line":4},"1":{"name":"(anonymous_1)","decl":{"start":{"line":8,"column":16},"end":{"line":8,"column":17}},"loc":{"start":{"line":8,"column":46},"end":{"line":11,"column":3}},"line":8}},"branchMap":{},"s":{"0":4,"1":1,"2":0,"3":1,"4":0},"f":{"0":1,"1":1},"b":{},"_coverageSchema":"1a1c01bbd47fc00a2c39e90264f33305004495a9","hash":"7b02a155bae5999fa50e487cef7ac9c6fed13664"}
}
