TN:
SF:src/config/axiosConfig.ts
FNF:0
FNH:0
DA:3,4
DA:5,4
LF:2
LH:2
BRF:0
BRH:0
end_of_record
TN:
SF:src/config/index.ts
FNF:0
FNH:0
LF:0
LH:0
BRF:0
BRH:0
end_of_record
TN:
SF:src/config/theme.ts
FNF:0
FNH:0
DA:23,4
LF:1
LH:1
BRF:0
BRH:0
end_of_record
TN:
SF:src/config/context/UserProvider.tsx
FN:4,(anonymous_0)
FNF:1
FNH:0
FNDA:0,(anonymous_0)
DA:4,4
DA:5,0
DA:6,0
DA:8,0
LF:4
LH:1
BRF:0
BRH:0
end_of_record
TN:
SF:src/config/context/index.ts
FNF:0
FNH:0
LF:0
LH:0
BRF:0
BRH:0
end_of_record
TN:
SF:src/config/context/user.ts
FN:25,(anonymous_0)
FNF:1
FNH:0
FNDA:0,(anonymous_0)
DA:9,4
DA:23,4
LF:2
LH:2
BRF:0
BRH:0
end_of_record
TN:
SF:src/config/mock/controllers.ts
FN:5,(anonymous_0)
FN:15,(anonymous_1)
FN:27,(anonymous_2)
FNF:3
FNH:0
FNDA:0,(anonymous_0)
FNDA:0,(anonymous_1)
FNDA:0,(anonymous_2)
DA:5,4
DA:6,0
DA:7,0
DA:8,0
DA:9,0
DA:11,0
DA:15,4
DA:16,0
DA:17,0
DA:20,0
DA:21,0
DA:23,0
DA:27,4
DA:28,0
LF:14
LH:3
BRDA:8,0,0,0
BRDA:8,0,1,0
BRDA:20,1,0,0
BRDA:20,1,1,0
BRF:4
BRH:0
end_of_record
TN:
SF:src/config/mock/index.ts
FN:13,makeServer
FN:19,(anonymous_1)
FN:20,(anonymous_2)
FN:23,(anonymous_3)
FN:27,(anonymous_4)
FNF:5
FNH:0
FNDA:0,makeServer
FNDA:0,(anonymous_1)
FNDA:0,(anonymous_2)
FNDA:0,(anonymous_3)
FNDA:0,(anonymous_4)
DA:10,4
DA:11,4
DA:14,0
DA:20,0
DA:21,0
DA:23,0
DA:24,0
DA:29,0
DA:30,0
DA:31,0
DA:34,0
DA:35,0
DA:39,0
LF:13
LH:2
BRDA:13,0,0,0
BRDA:13,1,0,0
BRF:2
BRH:0
end_of_record
TN:
SF:src/config/mock/initialSeeds.ts
FNF:0
FNH:0
DA:8,4
LF:1
LH:1
BRF:0
BRH:0
end_of_record
TN:
SF:src/config/providers/AppProvider.tsx
FN:7,(anonymous_0)
FNF:1
FNH:0
FNDA:0,(anonymous_0)
DA:7,4
DA:8,0
LF:2
LH:1
BRF:0
BRH:0
end_of_record
TN:
SF:src/config/providers/TestProvider.tsx
FN:7,(anonymous_0)
FN:15,(anonymous_1)
FNF:2
FNH:1
FNDA:16,(anonymous_0)
FNDA:0,(anonymous_1)
DA:7,4
DA:14,16
LF:2
LH:2
BRDA:15,0,0,16
BRDA:15,0,1,11
BRF:2
BRH:2
end_of_record
TN:
SF:src/config/providers/index.ts
FNF:0
FNH:0
DA:4,4
LF:1
LH:1
BRF:0
BRH:0
end_of_record
TN:
SF:src/config/router/Router.tsx
FN:6,(anonymous_0)
FN:10,(anonymous_1)
FNF:2
FNH:0
FNDA:0,(anonymous_0)
FNDA:0,(anonymous_1)
DA:6,4
DA:7,0
DA:11,0
DA:23,4
LF:4
LH:2
BRF:0
BRH:0
end_of_record
TN:
SF:src/config/router/index.ts
FNF:0
FNH:0
LF:0
LH:0
BRF:0
BRH:0
end_of_record
TN:
SF:src/config/router/routes.ts
FNF:0
FNH:0
DA:3,4
LF:1
LH:1
BRF:0
BRH:0
end_of_record
TN:
SF:src/features/common/index.ts
FNF:0
FNH:0
DA:13,4
LF:1
LH:1
BRF:0
BRH:0
end_of_record
TN:
SF:src/features/common/components/Center.tsx
FNF:0
FNH:0
DA:3,4
DA:12,4
DA:19,4
LF:3
LH:3
BRF:0
BRH:0
end_of_record
TN:
SF:src/features/common/components/Input.tsx
FN:11,(anonymous_0)
FN:28,(anonymous_1)
FN:46,(anonymous_2)
FN:55,(anonymous_3)
FNF:4
FNH:4
FNDA:67,(anonymous_0)
FNDA:6,(anonymous_1)
FNDA:80,(anonymous_2)
FNDA:67,(anonymous_3)
DA:11,4
DA:19,67
DA:20,67
DA:29,6
DA:45,4
DA:47,80
DA:50,4
DA:56,67
LF:8
LH:8
BRDA:33,0,0,67
BRDA:33,0,1,52
BRDA:36,1,0,13
BRDA:36,1,1,54
BRDA:47,2,0,26
BRDA:47,2,1,54
BRDA:56,3,0,13
BRDA:56,3,1,54
BRF:8
BRH:8
end_of_record
TN:
SF:src/features/common/components/Spinner.tsx
FN:4,(anonymous_0)
FN:24,(anonymous_1)
FNF:2
FNH:2
FNDA:23,(anonymous_0)
FNDA:1,(anonymous_1)
DA:4,4
DA:5,23
DA:17,4
DA:24,1
LF:4
LH:4
BRF:0
BRH:0
end_of_record
TN:
SF:src/features/common/components/index.ts
FNF:0
FNH:0
LF:0
LH:0
BRF:0
BRH:0
end_of_record
TN:
SF:src/features/common/components/HOC/DataFetchingHOC.tsx
FN:10,(anonymous_0)
FNF:1
FNH:1
FNDA:22,(anonymous_0)
DA:10,4
DA:11,22
LF:2
LH:2
BRF:0
BRH:0
end_of_record
TN:
SF:src/features/common/components/HOC/ErrorBoundaryHOC.tsx
FN:15,(anonymous_0)
FN:19,(anonymous_1)
FN:23,(anonymous_2)
FN:38,(anonymous_3)
FNF:4
FNH:1
FNDA:0,(anonymous_0)
FNDA:0,(anonymous_1)
FNDA:21,(anonymous_2)
FNDA:0,(anonymous_3)
DA:11,7
DA:16,0
DA:20,0
DA:24,21
DA:25,0
DA:33,21
DA:37,4
DA:38,0
LF:8
LH:4
BRDA:24,0,0,0
BRDA:24,0,1,21
BRDA:24,1,0,21
BRDA:24,1,1,21
BRF:4
BRH:3
end_of_record
TN:
SF:src/features/common/components/HOC/SuspenseHOC.tsx
FN:11,(anonymous_0)
FNF:1
FNH:1
FNDA:22,(anonymous_0)
DA:4,4
DA:11,4
DA:12,22
LF:3
LH:3
BRDA:14,0,0,1
BRDA:14,0,1,21
BRF:2
BRH:2
end_of_record
TN:
SF:src/features/common/components/HOC/index.ts
FNF:0
FNH:0
LF:0
LH:0
BRF:0
BRH:0
end_of_record
TN:
SF:src/features/common/hooks/index.ts
FNF:0
FNH:0
LF:0
LH:0
BRF:0
BRH:0
end_of_record
TN:
SF:src/features/common/hooks/useApi.ts
FN:4,(anonymous_0)
FN:9,(anonymous_1)
FN:13,(anonymous_2)
FN:17,(anonymous_3)
FN:22,(anonymous_4)
FNF:5
FNH:2
FNDA:44,(anonymous_0)
FNDA:2,(anonymous_1)
FNDA:0,(anonymous_2)
FNDA:0,(anonymous_3)
FNDA:0,(anonymous_4)
DA:4,4
DA:5,44
DA:6,44
DA:7,44
DA:9,44
DA:10,2
DA:11,2
DA:12,2
DA:14,0
DA:15,0
DA:18,0
DA:19,0
DA:20,0
DA:23,0
DA:27,44
LF:15
LH:9
BRDA:10,0,0,0
BRDA:10,0,1,2
BRDA:18,1,0,0
BRDA:18,1,1,0
BRF:4
BRH:1
end_of_record
TN:
SF:src/features/common/hooks/useForm.ts
FN:3,(anonymous_0)
FN:10,(anonymous_1)
FN:11,(anonymous_2)
FN:12,(anonymous_3)
FN:21,(anonymous_4)
FN:33,(anonymous_5)
FN:36,(anonymous_6)
FN:39,(anonymous_7)
FN:41,(anonymous_8)
FN:49,(anonymous_9)
FNF:10
FNH:9
FNDA:22,(anonymous_0)
FNDA:6,(anonymous_1)
FNDA:6,(anonymous_2)
FNDA:6,(anonymous_3)
FNDA:5,(anonymous_4)
FNDA:5,(anonymous_5)
FNDA:1,(anonymous_6)
FNDA:4,(anonymous_7)
FNDA:12,(anonymous_8)
FNDA:0,(anonymous_9)
DA:3,4
DA:4,22
DA:7,22
DA:8,22
DA:10,22
DA:11,6
DA:12,6
DA:13,6
DA:21,22
DA:25,5
DA:26,5
DA:27,5
DA:28,5
DA:29,1
DA:33,22
DA:34,5
DA:37,1
DA:40,4
DA:41,4
DA:42,12
DA:43,12
DA:45,4
DA:49,22
DA:50,0
DA:51,0
DA:54,22
DA:61,22
LF:27
LH:25
BRDA:3,0,0,22
BRDA:3,1,0,0
BRDA:28,2,0,1
BRDA:28,2,1,4
BRDA:28,3,0,5
BRDA:28,3,1,5
BRDA:37,4,0,0
BRDA:37,4,1,1
BRDA:50,5,0,0
BRDA:50,5,1,0
BRF:10
BRH:6
end_of_record
TN:
SF:src/features/main/index.ts
FNF:0
FNH:0
DA:3,4
LF:1
LH:1
BRF:0
BRH:0
end_of_record
TN:
SF:src/features/main/components/BG.tsx
FN:5,(anonymous_0)
FNF:1
FNH:1
FNDA:22,(anonymous_0)
DA:4,4
DA:5,22
LF:2
LH:2
BRF:0
BRH:0
end_of_record
TN:
SF:src/features/main/components/Button.tsx
FN:8,(anonymous_0)
FN:9,(anonymous_1)
FNF:2
FNH:2
FNDA:26,(anonymous_0)
FNDA:26,(anonymous_1)
DA:4,4
DA:8,26
DA:9,26
LF:3
LH:3
BRF:0
BRH:0
end_of_record
TN:
SF:src/features/main/components/Container.tsx
FN:13,(anonymous_0)
FN:14,(anonymous_1)
FN:16,(anonymous_2)
FNF:3
FNH:3
FNDA:5,(anonymous_0)
FNDA:5,(anonymous_1)
FNDA:5,(anonymous_2)
DA:10,4
DA:13,5
DA:14,5
DA:17,5
LF:4
LH:4
BRDA:13,0,0,5
BRDA:13,0,1,0
BRDA:14,1,0,5
BRDA:14,1,1,0
BRDA:17,2,0,5
BRDA:17,2,1,0
BRF:6
BRH:3
end_of_record
TN:
SF:src/features/main/components/index.ts
FNF:0
FNH:0
LF:0
LH:0
BRF:0
BRH:0
end_of_record
TN:
SF:src/features/main/helpers/index.ts
FNF:0
FNH:0
LF:0
LH:0
BRF:0
BRH:0
end_of_record
TN:
SF:src/features/main/helpers/schemas.ts
FNF:0
FNH:0
DA:3,4
DA:18,4
DA:20,4
DA:29,4
LF:4
LH:4
BRF:0
BRH:0
end_of_record
TN:
SF:src/features/main/helpers/validations.ts
FN:4,(anonymous_0)
FN:7,(anonymous_1)
FN:10,(anonymous_2)
FNF:3
FNH:3
FNDA:3,(anonymous_0)
FNDA:3,(anonymous_1)
FNDA:3,(anonymous_2)
DA:3,5
DA:5,3
DA:8,3
DA:11,3
LF:4
LH:4
BRDA:5,0,0,3
BRDA:5,0,1,2
BRDA:8,1,0,3
BRDA:8,1,1,3
BRDA:11,2,0,3
BRDA:11,2,1,3
BRF:6
BRH:6
end_of_record
TN:
SF:src/features/main/hooks/index.ts
FNF:0
FNH:0
LF:0
LH:0
BRF:0
BRH:0
end_of_record
TN:
SF:src/features/main/hooks/useValidateLead.ts
FN:6,(anonymous_0)
FN:9,(anonymous_1)
FN:36,(anonymous_2)
FNF:3
FNH:3
FNDA:23,(anonymous_0)
FNDA:1,(anonymous_1)
FNDA:1,(anonymous_2)
DA:6,4
DA:7,23
DA:8,23
DA:9,23
DA:14,1
DA:16,0
DA:17,0
DA:19,0
DA:20,0
DA:22,0
DA:23,0
DA:25,1
DA:36,23
DA:42,1
DA:48,1
DA:51,23
LF:16
LH:10
BRDA:14,0,0,0
BRDA:14,0,1,0
BRDA:14,0,2,0
BRDA:14,0,3,1
BRDA:37,1,0,1
BRDA:38,2,0,0
BRDA:39,3,0,0
BRDA:40,4,0,1
BRF:8
BRH:3
end_of_record
TN:
SF:src/features/main/hooks/tests/mocks.ts
FNF:0
FNH:0
DA:3,1
DA:10,1
DA:16,1
DA:23,1
DA:28,1
DA:33,1
LF:6
LH:6
BRF:0
BRH:0
end_of_record
TN:
SF:src/features/main/screens/LeadStatus.tsx
FN:8,(anonymous_0)
FN:12,(anonymous_1)
FN:30,(anonymous_2)
FN:58,(anonymous_3)
FN:70,(anonymous_4)
FN:78,(anonymous_5)
FN:87,(anonymous_6)
FN:98,(anonymous_7)
FNF:8
FNH:7
FNDA:5,(anonymous_0)
FNDA:0,(anonymous_1)
FNDA:1,(anonymous_2)
FNDA:4,(anonymous_3)
FNDA:8,(anonymous_4)
FNDA:3,(anonymous_5)
FNDA:4,(anonymous_6)
FNDA:1,(anonymous_7)
DA:8,4
DA:9,5
DA:10,5
DA:12,5
DA:13,0
DA:16,5
DA:30,4
DA:31,1
DA:53,4
DA:58,4
DA:59,4
DA:69,4
DA:70,8
DA:73,4
DA:78,3
DA:81,4
DA:87,4
DA:90,4
DA:98,1
LF:19
LH:18
BRDA:19,0,0,1
BRDA:19,0,1,4
BRDA:22,1,0,4
BRDA:22,1,1,0
BRF:4
BRH:3
end_of_record
TN:
SF:src/features/main/screens/LeadValidation.tsx
FN:16,(anonymous_0)
FN:36,(anonymous_1)
FN:46,(anonymous_2)
FN:58,(anonymous_3)
FN:97,(anonymous_4)
FNF:5
FNH:5
FNDA:22,(anonymous_0)
FNDA:7,(anonymous_1)
FNDA:1,(anonymous_2)
FNDA:5,(anonymous_3)
FNDA:21,(anonymous_4)
DA:16,4
DA:18,22
DA:24,22
DA:31,22
DA:34,22
DA:36,22
DA:37,7
DA:38,0
DA:46,22
DA:47,1
DA:48,1
DA:51,22
DA:58,5
DA:91,4
DA:97,21
LF:15
LH:14
BRDA:37,0,0,0
BRDA:37,0,1,7
BRDA:37,1,0,7
BRDA:37,1,1,0
BRDA:55,2,0,22
BRDA:55,2,1,1
BRDA:56,3,0,22
BRDA:56,3,1,0
BRF:8
BRH:5
end_of_record
TN:
SF:src/features/main/screens/index.ts
FNF:0
FNH:0
LF:0
LH:0
BRF:0
BRH:0
end_of_record
TN:
SF:src/features/main/services/index.ts
FNF:0
FNH:0
LF:0
LH:0
BRF:0
BRH:0
end_of_record
TN:
SF:src/features/main/services/lead.ts
FN:4,(anonymous_0)
FN:8,(anonymous_1)
FNF:2
FNH:2
FNDA:1,(anonymous_0)
FNDA:1,(anonymous_1)
DA:3,4
DA:5,1
DA:6,0
DA:9,1
DA:10,0
LF:5
LH:3
BRF:0
BRH:0
end_of_record
